\BOOKMARK [0][-]{chapter.1}{\376\377\000C\000l\000a\000s\000s\000\040\000I\000n\000d\000e\000x}{}
\BOOKMARK [1][-]{section.1.1}{\376\377\000C\000l\000a\000s\000s\000\040\000L\000i\000s\000t}{chapter.1}
\BOOKMARK [0][-]{chapter.2}{\376\377\000F\000i\000l\000e\000\040\000I\000n\000d\000e\000x}{}
\BOOKMARK [1][-]{section.2.1}{\376\377\000F\000i\000l\000e\000\040\000L\000i\000s\000t}{chapter.2}
\BOOKMARK [0][-]{chapter.3}{\376\377\000C\000l\000a\000s\000s\000\040\000D\000o\000c\000u\000m\000e\000n\000t\000a\000t\000i\000o\000n}{}
\BOOKMARK [1][-]{section.3.1}{\376\377\000s\000l\000o\000o\000p\000\040\000S\000t\000r\000u\000c\000t\000\040\000R\000e\000f\000e\000r\000e\000n\000c\000e}{chapter.3}
\BOOKMARK [2][-]{subsection.3.1.1}{\376\377\000D\000e\000t\000a\000i\000l\000e\000d\000\040\000D\000e\000s\000c\000r\000i\000p\000t\000i\000o\000n}{section.3.1}
\BOOKMARK [1][-]{section.3.2}{\376\377\000s\000l\000o\000o\000p\000\137\000d\000a\000t\000a\000\040\000S\000t\000r\000u\000c\000t\000\040\000R\000e\000f\000e\000r\000e\000n\000c\000e}{chapter.3}
\BOOKMARK [2][-]{subsection.3.2.1}{\376\377\000D\000e\000t\000a\000i\000l\000e\000d\000\040\000D\000e\000s\000c\000r\000i\000p\000t\000i\000o\000n}{section.3.2}
\BOOKMARK [1][-]{section.3.3}{\376\377\000s\000l\000o\000o\000p\000\137\000t\000a\000b\000l\000e\000\040\000S\000t\000r\000u\000c\000t\000\040\000R\000e\000f\000e\000r\000e\000n\000c\000e}{chapter.3}
\BOOKMARK [2][-]{subsection.3.3.1}{\376\377\000D\000e\000t\000a\000i\000l\000e\000d\000\040\000D\000e\000s\000c\000r\000i\000p\000t\000i\000o\000n}{section.3.3}
\BOOKMARK [1][-]{section.3.4}{\376\377\000s\000l\000o\000o\000p\000\137\000t\000a\000b\000l\000e\000\137\000t\000i\000m\000e\000r\000\040\000S\000t\000r\000u\000c\000t\000\040\000R\000e\000f\000e\000r\000e\000n\000c\000e}{chapter.3}
\BOOKMARK [2][-]{subsection.3.4.1}{\376\377\000D\000e\000t\000a\000i\000l\000e\000d\000\040\000D\000e\000s\000c\000r\000i\000p\000t\000i\000o\000n}{section.3.4}
\BOOKMARK [1][-]{section.3.5}{\376\377\000s\000l\000o\000o\000p\000\137\000t\000i\000m\000e\000r\000\040\000S\000t\000r\000u\000c\000t\000\040\000R\000e\000f\000e\000r\000e\000n\000c\000e}{chapter.3}
\BOOKMARK [2][-]{subsection.3.5.1}{\376\377\000D\000e\000t\000a\000i\000l\000e\000d\000\040\000D\000e\000s\000c\000r\000i\000p\000t\000i\000o\000n}{section.3.5}
\BOOKMARK [0][-]{chapter.4}{\376\377\000F\000i\000l\000e\000\040\000D\000o\000c\000u\000m\000e\000n\000t\000a\000t\000i\000o\000n}{}
\BOOKMARK [1][-]{section.4.1}{\376\377\000s\000l\000o\000o\000p\000.\000h\000\040\000F\000i\000l\000e\000\040\000R\000e\000f\000e\000r\000e\000n\000c\000e}{chapter.4}
\BOOKMARK [2][-]{subsection.4.1.1}{\376\377\000D\000e\000t\000a\000i\000l\000e\000d\000\040\000D\000e\000s\000c\000r\000i\000p\000t\000i\000o\000n}{section.4.1}
\BOOKMARK [2][-]{subsection.4.1.2}{\376\377\000E\000n\000u\000m\000e\000r\000a\000t\000i\000o\000n\000\040\000T\000y\000p\000e\000\040\000D\000o\000c\000u\000m\000e\000n\000t\000a\000t\000i\000o\000n}{section.4.1}
\BOOKMARK [3][-]{subsubsection.4.1.2.1}{\376\377\000s\000l\000o\000o\000p\000\137\000m\000o\000d\000e}{subsection.4.1.2}
\BOOKMARK [2][-]{subsection.4.1.3}{\376\377\000F\000u\000n\000c\000t\000i\000o\000n\000\040\000D\000o\000c\000u\000m\000e\000n\000t\000a\000t\000i\000o\000n}{section.4.1}
\BOOKMARK [3][-]{subsubsection.4.1.3.1}{\376\377\000s\000l\000o\000o\000p\000\137\000a\000d\000d\000\137\000f\000d}{subsection.4.1.3}
\BOOKMARK [3][-]{subsubsection.4.1.3.2}{\376\377\000s\000l\000o\000o\000p\000\137\000a\000d\000d\000\137\000t\000i\000m\000e\000r}{subsection.4.1.3}
\BOOKMARK [3][-]{subsubsection.4.1.3.3}{\376\377\000s\000l\000o\000o\000p\000\137\000d\000e\000s\000t\000r\000o\000y}{subsection.4.1.3}
\BOOKMARK [3][-]{subsubsection.4.1.3.4}{\376\377\000s\000l\000o\000o\000p\000\137\000n\000e\000w}{subsection.4.1.3}
\BOOKMARK [3][-]{subsubsection.4.1.3.5}{\376\377\000s\000l\000o\000o\000p\000\137\000r\000e\000a\000d\000\137\000f\000d}{subsection.4.1.3}
\BOOKMARK [3][-]{subsubsection.4.1.3.6}{\376\377\000s\000l\000o\000o\000p\000\137\000r\000e\000m\000o\000v\000e\000\137\000f\000d}{subsection.4.1.3}
\BOOKMARK [3][-]{subsubsection.4.1.3.7}{\376\377\000s\000l\000o\000o\000p\000\137\000r\000e\000m\000o\000v\000e\000\137\000t\000i\000m\000e\000r}{subsection.4.1.3}
\BOOKMARK [3][-]{subsubsection.4.1.3.8}{\376\377\000s\000l\000o\000o\000p\000\137\000r\000u\000n}{subsection.4.1.3}
\BOOKMARK [3][-]{subsubsection.4.1.3.9}{\376\377\000s\000l\000o\000o\000p\000\137\000r\000u\000n\000\137\000s\000t\000e\000p}{subsection.4.1.3}
\BOOKMARK [3][-]{subsubsection.4.1.3.10}{\376\377\000s\000l\000o\000o\000p\000\137\000s\000e\000t\000\137\000t\000i\000m\000e\000o\000u\000t}{subsection.4.1.3}
\BOOKMARK [3][-]{subsubsection.4.1.3.11}{\376\377\000s\000l\000o\000o\000p\000\137\000t\000i\000m\000e\000r\000\137\000n\000e\000w}{subsection.4.1.3}
